2024-04-27 17:21:08,715 INFO [main] c.n.c.LoggerTests [StartupInfoLogger.java:50] Starting LoggerTests using Java 20.0.2 with PID 3292 (started by runhanshi in /Users/runhanshi/Desktop/Java_Backend/1/Project1/community)
2024-04-27 17:21:08,715 INFO [main] c.n.c.LoggerTests [SpringApplication.java:654] No active profile set, falling back to 1 default profile: "default"
2024-04-27 17:21:09,207 INFO [main] o.s.b.a.w.s.WelcomePageHandlerMapping [WelcomePageHandlerMapping.java:59] Adding welcome page template: index
2024-04-27 17:21:09,348 INFO [main] c.n.c.LoggerTests [StartupInfoLogger.java:56] Started LoggerTests in 0.8 seconds (process running for 1.081)
2024-04-27 17:21:09,725 INFO [main] c.n.c.LoggerTests [LoggerTests.java:22] info log
2024-04-27 20:29:51,469 INFO [main] c.n.c.MailTests [StartupInfoLogger.java:50] Starting MailTests using Java 20.0.2 with PID 4328 (started by runhanshi in /Users/runhanshi/Desktop/Java_Backend/1/Project1/community)
2024-04-27 20:29:51,470 INFO [main] c.n.c.MailTests [SpringApplication.java:654] No active profile set, falling back to 1 default profile: "default"
2024-04-27 20:29:51,965 INFO [main] o.s.b.a.w.s.WelcomePageHandlerMapping [WelcomePageHandlerMapping.java:59] Adding welcome page template: index
2024-04-27 20:29:52,102 INFO [main] c.n.c.MailTests [StartupInfoLogger.java:56] Started MailTests in 0.798 seconds (process running for 1.084)
2024-04-27 20:31:36,258 INFO [main] c.n.c.MailTests [StartupInfoLogger.java:50] Starting MailTests using Java 20.0.2 with PID 4351 (started by runhanshi in /Users/runhanshi/Desktop/Java_Backend/1/Project1/community)
2024-04-27 20:31:36,259 INFO [main] c.n.c.MailTests [SpringApplication.java:654] No active profile set, falling back to 1 default profile: "default"
2024-04-27 20:31:36,757 INFO [main] o.s.b.a.w.s.WelcomePageHandlerMapping [WelcomePageHandlerMapping.java:59] Adding welcome page template: index
2024-04-27 20:31:36,890 INFO [main] c.n.c.MailTests [StartupInfoLogger.java:56] Started MailTests in 0.796 seconds (process running for 1.102)
2024-04-27 20:32:37,281 INFO [main] c.n.c.MailTests [StartupInfoLogger.java:50] Starting MailTests using Java 20.0.2 with PID 4367 (started by runhanshi in /Users/runhanshi/Desktop/Java_Backend/1/Project1/community)
2024-04-27 20:32:37,282 INFO [main] c.n.c.MailTests [SpringApplication.java:654] No active profile set, falling back to 1 default profile: "default"
2024-04-27 20:32:37,766 INFO [main] o.s.b.a.w.s.WelcomePageHandlerMapping [WelcomePageHandlerMapping.java:59] Adding welcome page template: index
2024-04-27 20:32:37,901 INFO [main] c.n.c.MailTests [StartupInfoLogger.java:56] Started MailTests in 0.778 seconds (process running for 1.042)
2024-04-27 20:34:21,688 INFO [main] c.n.c.MailTests [StartupInfoLogger.java:50] Starting MailTests using Java 20.0.2 with PID 4382 (started by runhanshi in /Users/runhanshi/Desktop/Java_Backend/1/Project1/community)
2024-04-27 20:34:21,689 INFO [main] c.n.c.MailTests [SpringApplication.java:654] No active profile set, falling back to 1 default profile: "default"
2024-04-27 20:34:22,174 INFO [main] o.s.b.a.w.s.WelcomePageHandlerMapping [WelcomePageHandlerMapping.java:59] Adding welcome page template: index
2024-04-27 20:34:22,305 INFO [main] c.n.c.MailTests [StartupInfoLogger.java:56] Started MailTests in 0.781 seconds (process running for 1.045)
2024-04-27 20:35:07,655 INFO [main] c.n.c.MailTests [StartupInfoLogger.java:50] Starting MailTests using Java 20.0.2 with PID 4404 (started by runhanshi in /Users/runhanshi/Desktop/Java_Backend/1/Project1/community)
2024-04-27 20:35:07,656 INFO [main] c.n.c.MailTests [SpringApplication.java:654] No active profile set, falling back to 1 default profile: "default"
2024-04-27 20:35:08,136 INFO [main] o.s.b.a.w.s.WelcomePageHandlerMapping [WelcomePageHandlerMapping.java:59] Adding welcome page template: index
2024-04-27 20:35:08,264 INFO [main] c.n.c.MailTests [StartupInfoLogger.java:56] Started MailTests in 0.768 seconds (process running for 1.031)
2024-04-27 20:35:19,001 INFO [main] c.n.c.MailTests [StartupInfoLogger.java:50] Starting MailTests using Java 20.0.2 with PID 4409 (started by runhanshi in /Users/runhanshi/Desktop/Java_Backend/1/Project1/community)
2024-04-27 20:35:19,001 INFO [main] c.n.c.MailTests [SpringApplication.java:654] No active profile set, falling back to 1 default profile: "default"
2024-04-27 20:35:19,475 INFO [main] o.s.b.a.w.s.WelcomePageHandlerMapping [WelcomePageHandlerMapping.java:59] Adding welcome page template: index
2024-04-27 20:35:19,601 INFO [main] c.n.c.MailTests [StartupInfoLogger.java:56] Started MailTests in 0.757 seconds (process running for 1.02)
2024-04-27 20:45:45,424 INFO [main] c.n.c.MailTests [StartupInfoLogger.java:50] Starting MailTests using Java 20.0.2 with PID 4467 (started by runhanshi in /Users/runhanshi/Desktop/Java_Backend/1/Project1/community)
2024-04-27 20:45:45,425 INFO [main] c.n.c.MailTests [SpringApplication.java:654] No active profile set, falling back to 1 default profile: "default"
2024-04-27 20:45:45,877 INFO [main] o.s.b.a.w.s.WelcomePageHandlerMapping [WelcomePageHandlerMapping.java:59] Adding welcome page template: index
2024-04-27 20:45:46,007 INFO [main] c.n.c.MailTests [StartupInfoLogger.java:56] Started MailTests in 0.74 seconds (process running for 1.002)
